
ROM used:   2628/32768 (8%)
            2628/32768 (8%) including unused fragments

            0.6 Average locations per line
            12.6 Average locations per statement

RAM used:   240/2048 (12%) at main() level
            276/2048 (13%) worst case

Stack used: 1 worst case (0 in main + 1 for interrupts)
Stack size: 31

Lines Stmts  %   Files
----- ----- ---  -----
  167    36  17  rmf69.c
  841     0   0  ..\..\..\..\..\..\Program Files (x86)\PICC\devices\18F4550.h
 1352     0   0  ..\..\..\..\..\..\Program Files (x86)\PICC\drivers\stdlib.h
   32     0   0  ..\..\..\..\..\..\Program Files (x86)\PICC\drivers\stddef.h
  435     0   0  ..\..\..\..\..\..\Program Files (x86)\PICC\drivers\string.h
   28     0   0  ..\..\..\..\..\..\Program Files (x86)\PICC\drivers\ctype.h
  100    37  18  GPS.c
  397   136  65  RFM69.h
 1110     0   0  RFM69registers.h
----- -----
 4462   209 Total

Page ROM  %  RAM    Vol Diff  Functions:
---- --- --- ---    --- ----  ----------
0     38   1    1             @delay_ms1
0     24   0    0             @GETCH_BIU_1
0     22   0    0             @TIMERISR_1
0     64   1    0             @GET_TICKS_1
0     76   1    7    248  6.7  StrFnd
0     64   1    0    634  5.2  @const1006
0    458   9   12   2289 10.2  initialize
0    266   5    2    879  8.2  setMode
0     58   1    2    136  3.4  canSend
0    142   3   13    309  6.5  send
0    298   6   17   1036 10.6  sendFrame
0      4   0    0     16  1.0  millis
0     34   1    3    104  2.8  readReg
0     26   0    3     94  2.3  writeReg
0      6   0    0     17  0.8  select
0      6   0    0     17  0.8  unselect
0     94   2    2    253  5.1  setHighPower
0     72   1    3    452  6.5  SPItransfer
0     58   1    2    332  5.8  SPIRead8bit
0     76   1    4    222  5.4  readRSSI
0     54   1    2    104  2.6  setHighPowerRegs
0     64   1    4    116  3.8  GPS_Pack
0    118   2    2    561  7.1  RDA_isr
0    256   5    1    555  3.3  main
0     30   1    1     70  2.6  @SPRINTF
0     38   1    2    634  5.2  @PSTRINGR_1038
 Inline         0             @cinit1

Program metrics:
    Functions               22
    Statements              209
    Comments                840
    Volume (V)              15058
    Difficulty (D)          108.3
    Effort to implement (E) 1630868
    Time to implement (T)   25 hours, 10 minutes
    Est Delivered Bugs (B)  5
    Cyclomatic Complexity   37
    Maintainability (MI)    93

 Segment     Used  Free
-----------  ----  ----
00000-00002     4  0  
00004-00006     4  0  
00008-000B8   178  0  
000BA-07FFE  2442  30140  



